<?xml version="1.0" encoding="UTF-8"?>
<!-- Generated by org.testng.reporters.JUnitReportReporter -->
<testsuite hostname="users-MBP" failures="0" tests="3" name="greenmouse.TestDemo" time="39.763" errors="0" timestamp="2023-05-16T09:15:01 WAT" skipped="0">
  <testcase classname="greenmouse.TestDemo" name="titleCheck" time="12.419"/>
  <system-out/>
  <testcase classname="greenmouse.TestDemo" name="titleCheck" time="10.294"/>
  <system-out/>
  <testcase classname="greenmouse.TestDemo" name="titleCheck" time="17.050"/>
  <system-out/>
</testsuite> <!-- greenmouse.TestDemo -->
