<?xml version="1.0" encoding="UTF-8"?>
<!-- Generated by org.testng.reporters.JUnitReportReporter -->
<testsuite hostname="users-MBP" failures="0" tests="3" name="greenmouse.TestDemo2" time="125.606" errors="0" timestamp="2023-05-16T09:15:01 WAT" skipped="0">
  <testcase classname="greenmouse.TestDemo2" name="titleCheckOja" time="8.537"/>
  <system-out/>
  <testcase classname="greenmouse.TestDemo2" name="titleCheckOja" time="24.695"/>
  <system-out/>
  <testcase classname="greenmouse.TestDemo2" name="titleCheckOja" time="92.374"/>
  <system-out/>
</testsuite> <!-- greenmouse.TestDemo2 -->
